  Moc'ing kuview.h...
  Uic'ing kuview.ui...
  Rcc'ing kuview.qrc...
  stdafx.cpp
D:\Qt\5.9.1\msvc2017_64\include\QtCore/qobject_impl.h(109): error C2504: 'QtPrivate::QSlotObjectBase': 定義されていない基底クラスが宣言されています。
  D:\Qt\5.9.1\msvc2017_64\include\QtCore/qobject_impl.h(129): note: コンパイル対象の クラス テンプレート インスタンス化 'QtPrivate::QSlotObjectBase::QSlotObject<Func,Args,R>' のリファレンスを確認してください
D:\Qt\5.9.1\msvc2017_64\include\QtCore/qobject_impl.h(133): error C2504: 'QtPrivate::QSlotObjectBase': 定義されていない基底クラスが宣言されています。
  D:\Qt\5.9.1\msvc2017_64\include\QtCore/qobject_impl.h(152): note: コンパイル対象の クラス テンプレート インスタンス化 'QtPrivate::QSlotObjectBase::QStaticSlotObject<Func,Args,R>' のリファレンスを確認してください
D:\Qt\5.9.1\msvc2017_64\include\QtCore/qobject_impl.h(157): error C2504: 'QtPrivate::QSlotObjectBase': 定義されていない基底クラスが宣言されています。
  D:\Qt\5.9.1\msvc2017_64\include\QtCore/qobject_impl.h(176): note: コンパイル対象の クラス テンプレート インスタンス化 'QtPrivate::QSlotObjectBase::QFunctorSlotObject<Func,N,Args,R>' のリファレンスを確認してください
D:\Qt\5.9.1\msvc2017_64\include\QtCore/qobject.h(65): error C2236: 予期しないトークン 'class' です。';' が入力されていることを確認してください。
D:\Qt\5.9.1\msvc2017_64\include\QtCore/qobject_impl.h(100): error C2144: 構文エラー: 'void' は ';' によって先行されなければなりません。
D:\Qt\5.9.1\msvc2017_64\include\QtCore/qobject_impl.h(100): error C2601: 'call': ローカル関数の定義が正しくありません。
D:\Qt\5.9.1\msvc2017_64\include\QtCore/qobject_impl.h(101): error C2059: 構文エラー: 'protected'
D:\Qt\5.9.1\msvc2017_64\include\QtCore/qobject_impl.h(102): error C2143: 構文エラー: ';' が '{' の前にありません。
D:\Qt\5.9.1\msvc2017_64\include\QtCore/qobject_impl.h(103): error C2059: 構文エラー: 'private'
D:\Qt\5.9.1\msvc2017_64\include\QtCore/qobject_impl.h(104): error C2059: 構文エラー: ';'
D:\Qt\5.9.1\msvc2017_64\include\QtCore/qobject_impl.h(100): error C2065: 'Call': 定義されていない識別子です。
D:\Qt\5.9.1\msvc2017_64\include\QtCore/qobject_impl.h(100): error C2355: 'this': 静的でないメンバー関数の内部または静的でないデータ メンバー初期化子においてのみ参照できます
D:\Qt\5.9.1\msvc2017_64\include\QtCore/qobject_impl.h(100): error C3861: 'm_impl': 識別子が見つかりませんでした
D:\Qt\5.9.1\msvc2017_64\include\QtCore/qobject.h(118): error C2027: 認識できない型 'QtPrivate::QMetaObject' が使われています。
  D:\Qt\5.9.1\msvc2017_64\include\QtCore/qobject.h(68): note: 'QtPrivate::QMetaObject' の宣言を確認してください
D:\Qt\5.9.1\msvc2017_64\include\QtCore/qobject.h(118): error C2061: 構文エラー: 識別子 'Call'
D:\Qt\5.9.1\msvc2017_64\include\QtCore/qobject.h(126): error C2061: 構文エラー: 識別子 'QEvent'
D:\Qt\5.9.1\msvc2017_64\include\QtCore/qobject.h(127): error C2061: 構文エラー: 識別子 'QEvent'
D:\Qt\5.9.1\msvc2017_64\include\QtCore/qobject.h(213): error C2027: 認識できない型 'QtPrivate::QMetaObject' が使われています。
  D:\Qt\5.9.1\msvc2017_64\include\QtCore/qobject.h(68): note: 'QtPrivate::QMetaObject' の宣言を確認してください
D:\Qt\5.9.1\msvc2017_64\include\QtCore/qobject.h(213): error C3646: 'connect': 不明なオーバーライド指定子です
D:\Qt\5.9.1\msvc2017_64\include\QtCore/qobject.h(213): error C2059: 構文エラー: 'const'
D:\Qt\5.9.1\msvc2017_64\include\QtCore/qobject.h(214): error C2238: ';' の前に無効なトークンがあります。
D:\Qt\5.9.1\msvc2017_64\include\QtCore/qobject.h(216): error C2027: 認識できない型 'QtPrivate::QMetaObject' が使われています。
  D:\Qt\5.9.1\msvc2017_64\include\QtCore/qobject.h(68): note: 'QtPrivate::QMetaObject' の宣言を確認してください
D:\Qt\5.9.1\msvc2017_64\include\QtCore/qobject.h(216): error C3646: 'connect': 不明なオーバーライド指定子です
D:\Qt\5.9.1\msvc2017_64\include\QtCore/qobject.h(216): error C2059: 構文エラー: 'const'
D:\Qt\5.9.1\msvc2017_64\include\QtCore/qobject.h(218): error C2238: ';' の前に無効なトークンがあります。
D:\Qt\5.9.1\msvc2017_64\include\QtCore/qobject.h(220): error C2027: 認識できない型 'QtPrivate::QMetaObject' が使われています。
  D:\Qt\5.9.1\msvc2017_64\include\QtCore/qobject.h(68): note: 'QtPrivate::QMetaObject' の宣言を確認してください
D:\Qt\5.9.1\msvc2017_64\include\QtCore/qobject.h(220): error C3646: 'connect': 不明なオーバーライド指定子です
D:\Qt\5.9.1\msvc2017_64\include\QtCore/qobject.h(220): error C2059: 構文エラー: 'const'
D:\Qt\5.9.1\msvc2017_64\include\QtCore/qobject.h(221): error C2238: ';' の前に無効なトークンがあります。
D:\Qt\5.9.1\msvc2017_64\include\QtCore/qobject.h(233): error C2433: 'Connection': 'inline' はデータ宣言をするのに使用できません。
D:\Qt\5.9.1\msvc2017_64\include\QtCore/qobject.h(233): error C4430: 型指定子がありません - int と仮定しました。メモ: C++ は int を既定値としてサポートしていません
D:\Qt\5.9.1\msvc2017_64\include\QtCore/qobject.h(233): error C2061: 構文エラー: 識別子 'connect'
D:\Qt\5.9.1\msvc2017_64\include\QtCore/qobject.h(236): error C2334: '{' の前に予期しないトークンがありました。関数の本体は無視されます
D:\Qt\5.9.1\msvc2017_64\include\QtCore/qobject.h(264): error C2923: 'std::enable_if': 'Connection' は、有効な テンプレート 型引数 (パラメーター '_Ty') ではありません。
  D:\Qt\5.9.1\msvc2017_64\include\QtCore/qobject.h(233): note: 'Connection' の宣言を確認してください
D:\Qt\5.9.1\msvc2017_64\include\QtCore/qobject.h(273): error C2923: 'std::enable_if': 'Connection' は、有効な テンプレート 型引数 (パラメーター '_Ty') ではありません。
  D:\Qt\5.9.1\msvc2017_64\include\QtCore/qobject.h(233): note: 'Connection' の宣言を確認してください
D:\Qt\5.9.1\msvc2017_64\include\QtCore/qobject.h(304): error C2923: 'std::enable_if': 'Connection' は、有効な テンプレート 型引数 (パラメーター '_Ty') ではありません。
  D:\Qt\5.9.1\msvc2017_64\include\QtCore/qobject.h(233): note: 'Connection' の宣言を確認してください
D:\Qt\5.9.1\msvc2017_64\include\QtCore/qobject.h(312): error C2923: 'std::enable_if': 'Connection' は、有効な テンプレート 型引数 (パラメーター '_Ty') ではありません。
  D:\Qt\5.9.1\msvc2017_64\include\QtCore/qobject.h(233): note: 'Connection' の宣言を確認してください
D:\Qt\5.9.1\msvc2017_64\include\QtCore/qobject.h(315): error C2572: 'QtPrivate::QObject::connect' : 既定引数の再定義: パラメーター 1
  D:\Qt\5.9.1\msvc2017_64\include\QtCore/qobject.h(274): note: 'QtPrivate::QObject::connect' の宣言を確認してください
D:\Qt\5.9.1\msvc2017_64\include\QtCore/qobject.h(315): error C2535: 'std::enable_if::type QtPrivate::QObject::connect(const QtPrivate::FunctionPointer<Func>::Object *,Func1,const QtPrivate::QObject *,Func2,Qt::ConnectionType)': メンバー関数は、既に定義または宣言されています。
  D:\Qt\5.9.1\msvc2017_64\include\QtCore/qobject.h(274): note: 'QtPrivate::QObject::connect' の宣言を確認してください
D:\Qt\5.9.1\msvc2017_64\include\QtCore/qobject.h(351): error C2027: 認識できない型 'QtPrivate::QMetaObject' が使われています。
  D:\Qt\5.9.1\msvc2017_64\include\QtCore/qobject.h(68): note: 'QtPrivate::QMetaObject' の宣言を確認してください
D:\Qt\5.9.1\msvc2017_64\include\QtCore/qobject.h(351): error C4430: 型指定子がありません - int と仮定しました。メモ: C++ は int を既定値としてサポートしていません
D:\Qt\5.9.1\msvc2017_64\include\QtCore/qobject.h(351): error C2143: 構文エラー: ',' が '&' の前にありません。
D:\Qt\5.9.1\msvc2017_64\include\QtCore/qobject.h(429): error C2061: 構文エラー: 識別子 'QEvent'
D:\Qt\5.9.1\msvc2017_64\include\QtCore/qobject.h(458): error C2027: 認識できない型 'QtPrivate::QMetaObject' が使われています。
  D:\Qt\5.9.1\msvc2017_64\include\QtCore/qobject.h(68): note: 'QtPrivate::QMetaObject' の宣言を確認してください
D:\Qt\5.9.1\msvc2017_64\include\QtCore/qobject.h(458): error C3646: 'connectImpl': 不明なオーバーライド指定子です
D:\Qt\5.9.1\msvc2017_64\include\QtCore/qobject.h(458): error C2059: 構文エラー: 'const'
D:\Qt\5.9.1\msvc2017_64\include\QtCore/qobject.h(461): error C2238: ';' の前に無効なトークンがあります。
D:\Qt\5.9.1\msvc2017_64\include\QtCore/qobject.h(118): error C2228: '.tr' の左側はクラス、構造体、共用体でなければなりません
D:\Qt\5.9.1\msvc2017_64\include\QtCore/qobject.h(468): error C2027: 認識できない型 'QtPrivate::QMetaObject' が使われています。
  D:\Qt\5.9.1\msvc2017_64\include\QtCore/qobject.h(68): note: 'QtPrivate::QMetaObject' の宣言を確認してください
D:\Qt\5.9.1\msvc2017_64\include\QtCore/qobject.h(468): error C2143: 構文エラー: ';' が 'QtPrivate::QObject::connect' の前にありません。
D:\Qt\5.9.1\msvc2017_64\include\QtCore/qobject.h(468): error C2433: 'Connection': 'inline' はデータ宣言をするのに使用できません。
D:\Qt\5.9.1\msvc2017_64\include\QtCore/qobject.h(468): error C4430: 型指定子がありません - int と仮定しました。メモ: C++ は int を既定値としてサポートしていません
D:\Qt\5.9.1\msvc2017_64\include\QtCore/qobject.h(468): error C2086: 'int Connection': 再定義されました。
  D:\Qt\5.9.1\msvc2017_64\include\QtCore/qobject.h(233): note: 'Connection' の宣言を確認してください
D:\Qt\5.9.1\msvc2017_64\include\QtCore/qobject.h(470): error C4430: 型指定子がありません - int と仮定しました。メモ: C++ は int を既定値としてサポートしていません
D:\Qt\5.9.1\msvc2017_64\include\QtCore/qobject.h(470): error C2511: 'int QtPrivate::QObject::connect(const QtPrivate::QObject *,const char *,const char *,Qt::ConnectionType) const': オーバーロードされたメンバー関数が 'QtPrivate::QObject' にありません。
  D:\Qt\5.9.1\msvc2017_64\include\QtCore/qobject.h(117): note: 'QtPrivate::QObject' の宣言を確認してください
D:\Qt\5.9.1\msvc2017_64\include\QtCore/qobject.h(470): error C2671: 'QtPrivate::QObject::connect': 静的なメンバー関数は 'this' ポインターをアクセスすることができません。
D:\Qt\5.9.1\msvc2017_64\include\QtCore/qobject.h(470): error C2672: 'QtPrivate::QObject::connect': 一致するオーバーロードされた関数が見つかりませんでした。
D:\Qt\5.9.1\msvc2017_64\include\QtCore/qobject.h(470): error C2893: 関数テンプレート 'std::enable_if::type QtPrivate::QObject::connect(const QtPrivate::FunctionPointer<Func>::Object *,Func1,const QtPrivate::QObject *,Func2,Qt::ConnectionType)' の特定に失敗しました
  D:\Qt\5.9.1\msvc2017_64\include\QtCore/qobject.h(470): note: 次のテンプレート引数で:
  D:\Qt\5.9.1\msvc2017_64\include\QtCore/qobject.h(470): note:  'Func1=const char *')
  D:\Qt\5.9.1\msvc2017_64\include\QtCore/qobject.h(470): note:  'Func2=Qt::ConnectionType')
D:\Qt\5.9.1\msvc2017_64\include\QtCore/qobject.h(470): error C2780: 'std::enable_if::type QtPrivate::QObject::connect(const QtPrivate::FunctionPointer<Func1>::Object *,Func1,Func2)': 3 引数が必要です - 4 が設定されます。
  D:\Qt\5.9.1\msvc2017_64\include\QtCore/qobject.h(265): note: 'QtPrivate::QObject::connect' の宣言を確認してください
d:\qt\5.9.1\msvc2017_64\include\qtcore\qabstractanimation.h(57): error C2027: 認識できない型 'QtPrivate::QMetaObject' が使われています。
  D:\Qt\5.9.1\msvc2017_64\include\QtCore/qobject.h(68): note: 'QtPrivate::QMetaObject' の宣言を確認してください
d:\qt\5.9.1\msvc2017_64\include\qtcore\qabstractanimation.h(57): error C2061: 構文エラー: 識別子 'Call'
d:\qt\5.9.1\msvc2017_64\include\qtcore\qabstractanimation.h(121): error C2061: 構文エラー: 識別子 'QEvent'
d:\qt\5.9.1\msvc2017_64\include\qtcore\qabstractanimation.h(57): error C2228: '.tr' の左側はクラス、構造体、共用体でなければなりません
d:\qt\5.9.1\msvc2017_64\include\qtcore\qabstractanimation.h(135): error C2027: 認識できない型 'QtPrivate::QMetaObject' が使われています。
  D:\Qt\5.9.1\msvc2017_64\include\QtCore/qobject.h(68): note: 'QtPrivate::QMetaObject' の宣言を確認してください
d:\qt\5.9.1\msvc2017_64\include\qtcore\qabstractanimation.h(135): error C2061: 構文エラー: 識別子 'Call'
d:\qt\5.9.1\msvc2017_64\include\qtcore\qabstractanimation.h(135): error C2228: '.tr' の左側はクラス、構造体、共用体でなければなりません
D:\Qt\5.9.1\msvc2017_64\include\QtCore/qeventloop.h(52): error C2027: 認識できない型 'QtPrivate::QMetaObject' が使われています。
  D:\Qt\5.9.1\msvc2017_64\include\QtCore/qobject.h(68): note: 'QtPrivate::QMetaObject' の宣言を確認してください
D:\Qt\5.9.1\msvc2017_64\include\QtCore/qeventloop.h(52): error C2061: 構文エラー: 識別子 'Call'
D:\Qt\5.9.1\msvc2017_64\include\QtCore/qeventloop.h(79): error C2061: 構文エラー: 識別子 'QEvent'
D:\Qt\5.9.1\msvc2017_64\include\QtCore/qeventloop.h(52): error C2228: '.tr' の左側はクラス、構造体、共用体でなければなりません
d:\qt\5.9.1\msvc2017_64\include\qtcore\qabstracteventdispatcher.h(58): error C2027: 認識できない型 'QtPrivate::QMetaObject' が使われています。
  D:\Qt\5.9.1\msvc2017_64\include\QtCore/qobject.h(68): note: 'QtPrivate::QMetaObject' の宣言を確認してください
d:\qt\5.9.1\msvc2017_64\include\qtcore\qabstracteventdispatcher.h(58): error C2061: 構文エラー: 識別子 'Call'
d:\qt\5.9.1\msvc2017_64\include\qtcore\qabstracteventdispatcher.h(58): error C2228: '.tr' の左側はクラス、構造体、共用体でなければなりません
C:\Program Files (x86)\Microsoft Visual Studio\2017\Community\VC\Tools\MSVC\14.10.25017\include\xfunctional(314): error C2988: 認識できないテンプレートの宣言または定義です。
C:\Program Files (x86)\Microsoft Visual Studio\2017\Community\VC\Tools\MSVC\14.10.25017\include\xfunctional(314): error C2143: 構文エラー: ';' が '<' の前にありません。
C:\Program Files (x86)\Microsoft Visual Studio\2017\Community\VC\Tools\MSVC\14.10.25017\include\xfunctional(314): error C2433: '_Lex_compare_check_element_types': 'inline' はデータ宣言をするのに使用できません。
C:\Program Files (x86)\Microsoft Visual Studio\2017\Community\VC\Tools\MSVC\14.10.25017\include\xfunctional(314): error C4430: 型指定子がありません - int と仮定しました。メモ: C++ は int を既定値としてサポートしていません
C:\Program Files (x86)\Microsoft Visual Studio\2017\Community\VC\Tools\MSVC\14.10.25017\include\xfunctional(314): error C2059: 構文エラー: '<'
C:\Program Files (x86)\Microsoft Visual Studio\2017\Community\VC\Tools\MSVC\14.10.25017\include\xfunctional(315): error C2065: '_FTy': 定義されていない識別子です。
C:\Program Files (x86)\Microsoft Visual Studio\2017\Community\VC\Tools\MSVC\14.10.25017\include\xfunctional(315): error C2923: 'QtPrivate::std::greater': '_FTy' は、有効な テンプレート 型引数 (パラメーター '_Ty') ではありません。
C:\Program Files (x86)\Microsoft Visual Studio\2017\Community\VC\Tools\MSVC\14.10.25017\include\xfunctional(316): error C2143: 構文エラー: ';' が '{' の前にありません。
C:\Program Files (x86)\Microsoft Visual Studio\2017\Community\VC\Tools\MSVC\14.10.25017\include\xfunctional(316): error C2447: '{': 対応する関数ヘッダーがありません (旧形式の仮引数リスト?)
C:\Program Files (x86)\Microsoft Visual Studio\2017\Community\VC\Tools\MSVC\14.10.25017\include\xfunctional(520): error C2143: 構文エラー: ',' が '<' の前にありません。
  C:\Program Files (x86)\Microsoft Visual Studio\2017\Community\VC\Tools\MSVC\14.10.25017\include\xfunctional(548): note: コンパイル対象の クラス テンプレート インスタンス化 'QtPrivate::std::binder1st<_Fn2>' のリファレンスを確認してください
C:\Program Files (x86)\Microsoft Visual Studio\2017\Community\VC\Tools\MSVC\14.10.25017\include\xfunctional(520): error C2518: 基底クラス リストにあるキーワード 'typename' は無効です。無視されます。
C:\Program Files (x86)\Microsoft Visual Studio\2017\Community\VC\Tools\MSVC\14.10.25017\include\xfunctional(521): error C2518: 基底クラス リストにあるキーワード 'typename' は無効です。無視されます。
C:\Program Files (x86)\Microsoft Visual Studio\2017\Community\VC\Tools\MSVC\14.10.25017\include\xfunctional(524): error C2143: 構文エラー: ';' が '<' の前にありません。
C:\Program Files (x86)\Microsoft Visual Studio\2017\Community\VC\Tools\MSVC\14.10.25017\include\xfunctional(524): error C4430: 型指定子がありません - int と仮定しました。メモ: C++ は int を既定値としてサポートしていません
C:\Program Files (x86)\Microsoft Visual Studio\2017\Community\VC\Tools\MSVC\14.10.25017\include\xfunctional(525): error C2238: ';' の前に無効なトークンがあります。
C:\Program Files (x86)\Microsoft Visual Studio\2017\Community\VC\Tools\MSVC\14.10.25017\include\xfunctional(526): error C2653: '_Base': 識別子がクラス名でも名前空間名でもありません。
C:\Program Files (x86)\Microsoft Visual Studio\2017\Community\VC\Tools\MSVC\14.10.25017\include\xfunctional(526): error C3646: 'argument_type': 不明なオーバーライド指定子です
C:\Program Files (x86)\Microsoft Visual Studio\2017\Community\VC\Tools\MSVC\14.10.25017\include\xfunctional(526): error C4430: 型指定子がありません - int と仮定しました。メモ: C++ は int を既定値としてサポートしていません
C:\Program Files (x86)\Microsoft Visual Studio\2017\Community\VC\Tools\MSVC\14.10.25017\include\xfunctional(527): error C2653: '_Base': 識別子がクラス名でも名前空間名でもありません。
C:\Program Files (x86)\Microsoft Visual Studio\2017\Community\VC\Tools\MSVC\14.10.25017\include\xfunctional(527): error C3646: 'result_type': 不明なオーバーライド指定子です
C:\Program Files (x86)\Microsoft Visual Studio\2017\Community\VC\Tools\MSVC\14.10.25017\include\xfunctional(527): error C4430: 型指定子がありません - int と仮定しました。メモ: C++ は int を既定値としてサポートしていません
C:\Program Files (x86)\Microsoft Visual Studio\2017\Community\VC\Tools\MSVC\14.10.25017\include\xfunctional(562): error C2143: 構文エラー: ',' が '<' の前にありません。
  C:\Program Files (x86)\Microsoft Visual Studio\2017\Community\VC\Tools\MSVC\14.10.25017\include\xfunctional(590): note: コンパイル対象の クラス テンプレート インスタンス化 'QtPrivate::std::binder2nd<_Fn2>' のリファレンスを確認してください
C:\Program Files (x86)\Microsoft Visual Studio\2017\Community\VC\Tools\MSVC\14.10.25017\include\xfunctional(562): error C2518: 基底クラス リストにあるキーワード 'typename' は無効です。無視されます。
C:\Program Files (x86)\Microsoft Visual Studio\2017\Community\VC\Tools\MSVC\14.10.25017\include\xfunctional(563): error C2518: 基底クラス リストにあるキーワード 'typename' は無効です。無視されます。
C:\Program Files (x86)\Microsoft Visual Studio\2017\Community\VC\Tools\MSVC\14.10.25017\include\xfunctional(566): error C2143: 構文エラー: ';' が '<' の前にありません。
C:\Program Files (x86)\Microsoft Visual Studio\2017\Community\VC\Tools\MSVC\14.10.25017\include\xfunctional(566): error C4430: 型指定子がありません - int と仮定しました。メモ: C++ は int を既定値としてサポートしていません
C:\Program Files (x86)\Microsoft Visual Studio\2017\Community\VC\Tools\MSVC\14.10.25017\include\xfunctional(567): error C2238: ';' の前に無効なトークンがあります。
C:\Program Files (x86)\Microsoft Visual Studio\2017\Community\VC\Tools\MSVC\14.10.25017\include\xfunctional(568): error C2653: '_Base': 識別子がクラス名でも名前空間名でもありません。
C:\Program Files (x86)\Microsoft Visual Studio\2017\Community\VC\Tools\MSVC\14.10.25017\include\xfunctional(568): error C3646: 'argument_type': 不明なオーバーライド指定子です
C:\Program Files (x86)\Microsoft Visual Studio\2017\Community\VC\Tools\MSVC\14.10.25017\include\xfunctional(568): error C4430: 型指定子がありません - int と仮定しました。メモ: C++ は int を既定値としてサポートしていません
C:\Program Files (x86)\Microsoft Visual Studio\2017\Community\VC\Tools\MSVC\14.10.25017\include\xfunctional(569): error C2653: '_Base': 識別子がクラス名でも名前空間名でもありません。
C:\Program Files (x86)\Microsoft Visual Studio\2017\Community\VC\Tools\MSVC\14.10.25017\include\xfunctional(569): error C3646: 'result_type': 不明なオーバーライド指定子です
C:\Program Files (x86)\Microsoft Visual Studio\2017\Community\VC\Tools\MSVC\14.10.25017\include\xfunctional(569): error C4430: 型指定子がありません - int と仮定しました。メモ: C++ は int を既定値としてサポートしていません
C:\Program Files (x86)\Microsoft Visual Studio\2017\Community\VC\Tools\MSVC\14.10.25017\include\xfunctional(606): error C2143: 構文エラー: ',' が '<' の前にありません。
  C:\Program Files (x86)\Microsoft Visual Studio\2017\Community\VC\Tools\MSVC\14.10.25017\include\xfunctional(621): note: コンパイル対象の クラス テンプレート インスタンス化 'QtPrivate::std::pointer_to_unary_function<_Arg,_Result,_Fn>' のリファレンスを確認してください
C:\Program Files (x86)\Microsoft Visual Studio\2017\Community\VC\Tools\MSVC\14.10.25017\include\xfunctional(629): error C2143: 構文エラー: ',' が '<' の前にありません。
  C:\Program Files (x86)\Microsoft Visual Studio\2017\Community\VC\Tools\MSVC\14.10.25017\include\xfunctional(644): note: コンパイル対象の クラス テンプレート インスタンス化 'QtPrivate::std::pointer_to_binary_function<_Arg1,_Arg2,_Result,_Fn>' のリファレンスを確認してください
C:\Program Files (x86)\Microsoft Visual Studio\2017\Community\VC\Tools\MSVC\14.10.25017\include\xfunctional(747): error C2143: 構文エラー: ',' が '<' の前にありません。
  C:\Program Files (x86)\Microsoft Visual Studio\2017\Community\VC\Tools\MSVC\14.10.25017\include\xfunctional(762): note: コンパイル対象の クラス テンプレート インスタンス化 'QtPrivate::std::mem_fun_t<_Result,_Ty>' のリファレンスを確認してください
C:\Program Files (x86)\Microsoft Visual Studio\2017\Community\VC\Tools\MSVC\14.10.25017\include\xfunctional(769): error C2143: 構文エラー: ',' が '<' の前にありません。
  C:\Program Files (x86)\Microsoft Visual Studio\2017\Community\VC\Tools\MSVC\14.10.25017\include\xfunctional(784): note: コンパイル対象の クラス テンプレート インスタンス化 'QtPrivate::std::mem_fun1_t<_Result,_Ty,_Arg>' のリファレンスを確認してください
C:\Program Files (x86)\Microsoft Visual Studio\2017\Community\VC\Tools\MSVC\14.10.25017\include\xfunctional(790): error C2143: 構文エラー: ',' が '<' の前にありません。
  C:\Program Files (x86)\Microsoft Visual Studio\2017\Community\VC\Tools\MSVC\14.10.25017\include\xfunctional(805): note: コンパイル対象の クラス テンプレート インスタンス化 'QtPrivate::std::const_mem_fun_t<_Result,_Ty>' のリファレンスを確認してください
C:\Program Files (x86)\Microsoft Visual Studio\2017\Community\VC\Tools\MSVC\14.10.25017\include\xfunctional(812): error C2143: 構文エラー: ',' が '<' の前にありません。
  C:\Program Files (x86)\Microsoft Visual Studio\2017\Community\VC\Tools\MSVC\14.10.25017\include\xfunctional(827): note: コンパイル対象の クラス テンプレート インスタンス化 'QtPrivate::std::const_mem_fun1_t<_Result,_Ty,_Arg>' のリファレンスを確認してください
C:\Program Files (x86)\Microsoft Visual Studio\2017\Community\VC\Tools\MSVC\14.10.25017\include\xfunctional(812): fatal error C1003: プログラム内のエラーが 100 個を超えました。コンパイルは中断されます。
